<?xml version="1.0" encoding="UTF-8"?>
<testng-results ignored="0" total="1" passed="1" failed="0" skipped="0">
  <reporter-output>
  </reporter-output>
  <suite started-at="2022-08-16T16:35:37 IST" name="Suite" finished-at="2022-08-16T16:35:37 IST" duration-ms="79">
    <groups>
    </groups>
    <test started-at="2022-08-16T16:35:37 IST" name="Test" finished-at="2022-08-16T16:35:37 IST" duration-ms="79">
      <class name="testSample.testsam">
        <test-method signature="login()[pri:0, instance:testSample.testsam@7e9131d5]" started-at="2022-08-16T16:35:37 IST" name="login" finished-at="2022-08-16T16:35:37 IST" duration-ms="18" status="PASS">
          <reporter-output>
          </reporter-output>
        </test-method> <!-- login -->
      </class> <!-- testSample.testsam -->
    </test> <!-- Test -->
  </suite> <!-- Suite -->
</testng-results>
